<?xml version="1.0" encoding="UTF-8"?>
<!-- Generated by org.testng.reporters.JUnitReportReporter -->
<testsuite hostname="DESKTOP-D27FDN2" failures="0" tests="6" name="hpe.SSDSelectorTool.SSDDrvCapacity" time="5.252" errors="0" timestamp="2021-02-01T04:32:59 GMT-08:00" skipped="0">
  <testcase classname="hpe.SSDSelectorTool.SSDDrvCapacity" name="ToVerifyCapacityPageURL" time="0.031"/>
  <system-out/>
  <testcase classname="hpe.SSDSelectorTool.SSDDrvCapacity" name="ToVerifyMoveMaxSlider" time="0.095"/>
  <system-out/>
  <testcase classname="hpe.SSDSelectorTool.SSDDrvCapacity" name="ToVerifyMoveMinSlider" time="0.217"/>
  <system-out/>
  <testcase classname="hpe.SSDSelectorTool.SSDDrvCapacity" name="ToVerifyDrivCapacityNxtBtn" time="0.852"/>
  <system-out/>
  <testcase classname="hpe.SSDSelectorTool.SSDDrvCapacity" name="ToVerifySearchIcon" time="0.056"/>
  <system-out/>
  <testcase classname="hpe.SSDSelectorTool.SSDDrvCapacity" name="ToCapacityNextBtn" time="4.001"/>
  <system-out/>
</testsuite> <!-- hpe.SSDSelectorTool.SSDDrvCapacity -->
