<?xml version="1.0" encoding="UTF-8"?>
<!-- Generated by org.testng.reporters.JUnitReportReporter -->
<testsuite hostname="DESKTOP-D27FDN2" failures="0" tests="9" name="hpe.SSDSelectorTool.SSDBestAvailPage" time="9.639" errors="0" timestamp="2021-02-01T04:32:59 GMT-08:00" skipped="0">
  <testcase classname="hpe.SSDSelectorTool.SSDBestAvailPage" name="ToVerifyMainstreamPageURL" time="0.010"/>
  <system-out/>
  <testcase classname="hpe.SSDSelectorTool.SSDBestAvailPage" name="ToVerifyMainNxtBtn" time="0.040"/>
  <system-out/>
  <testcase classname="hpe.SSDSelectorTool.SSDBestAvailPage" name="ToVerifyMainstream" time="0.031"/>
  <system-out/>
  <testcase classname="hpe.SSDSelectorTool.SSDBestAvailPage" name="ToVerifyNonMainstream" time="0.029"/>
  <system-out/>
  <testcase classname="hpe.SSDSelectorTool.SSDBestAvailPage" name="ToVerifyClickMainstreamNext" time="0.077"/>
  <system-out/>
  <testcase classname="hpe.SSDSelectorTool.SSDBestAvailPage" name="ToVerifyClickMainstreamNon" time="0.100"/>
  <system-out/>
  <testcase classname="hpe.SSDSelectorTool.SSDBestAvailPage" name="ToVerifyNextSelectAll" time="0.081"/>
  <system-out/>
  <testcase classname="hpe.SSDSelectorTool.SSDBestAvailPage" name="ToVerifyBestAvailabilityNextBtn" time="9.213"/>
  <system-out/>
  <testcase classname="hpe.SSDSelectorTool.SSDBestAvailPage" name="ToVerifySearchIcon" time="0.058"/>
  <system-out/>
</testsuite> <!-- hpe.SSDSelectorTool.SSDBestAvailPage -->
