<?xml version="1.0" encoding="UTF-8"?>
<!-- Generated by org.testng.reporters.JUnitReportReporter -->
<testsuite hostname="DESKTOP-D27FDN2" failures="0" tests="3" name="hpe.SSDSelectorTool.SSDIKnowPageTest" time="4.906" errors="1" timestamp="2021-02-05T05:49:14 GMT-08:00" skipped="0">
  <testcase classname="hpe.SSDSelectorTool.SSDIKnowPageTest" name="ToVerifyIKnowWhatINeedURL" time="0.221"/>
  <system-out/>
  <testcase classname="hpe.SSDSelectorTool.SSDIKnowPageTest" name="ToVerifySSDResults" time="0.273"/>
  <system-out/>
  <testcase classname="hpe.SSDSelectorTool.SSDIKnowPageTest" name="ToVerifyExcelFileResults" time="4.412">
    <error message="&#039;org.apache.poi.ss.usermodel.CellType org.apache.poi.xssf.usermodel.XSSFCell.getCellType()&#039;" type="java.lang.NoSuchMethodError">
      <![CDATA[java.lang.NoSuchMethodError: 'org.apache.poi.ss.usermodel.CellType org.apache.poi.xssf.usermodel.XSSFCell.getCellType()'
at SSDPageObjects.SSDExcelResult.compareTwoCells(SSDExcelResult.java:111)
at SSDPageObjects.SSDExcelResult.compareTwoRows(SSDExcelResult.java:91)
at SSDPageObjects.SSDExcelResult.compareTwoSheets(SSDExcelResult.java:64)
at SSDPageObjects.SSDExcelResult.CompareTwoExcelFiles(SSDExcelResult.java:34)
at hpe.SSDSelectorTool.SSDIKnowPageTest.ToVerifyExcelFileResults(SSDIKnowPageTest.java:193)
at java.base/jdk.internal.reflect.NativeMethodAccessorImpl.invoke0(Native Method)
at java.base/jdk.internal.reflect.NativeMethodAccessorImpl.invoke(NativeMethodAccessorImpl.java:62)
at java.base/jdk.internal.reflect.DelegatingMethodAccessorImpl.invoke(DelegatingMethodAccessorImpl.java:43)
at java.base/java.lang.reflect.Method.invoke(Method.java:564)
at org.testng.internal.MethodInvocationHelper.invokeMethod(MethodInvocationHelper.java:134)
at org.testng.internal.TestInvoker.invokeMethod(TestInvoker.java:597)
at org.testng.internal.TestInvoker.invokeTestMethod(TestInvoker.java:173)
at org.testng.internal.MethodRunner.runInSequence(MethodRunner.java:46)
at org.testng.internal.TestInvoker$MethodInvocationAgent.invoke(TestInvoker.java:816)
at org.testng.internal.TestInvoker.invokeTestMethods(TestInvoker.java:146)
at org.testng.internal.TestMethodWorker.invokeTestMethods(TestMethodWorker.java:146)
at org.testng.internal.TestMethodWorker.run(TestMethodWorker.java:128)
at java.base/java.util.ArrayList.forEach(ArrayList.java:1511)
at org.testng.TestRunner.privateRun(TestRunner.java:766)
at org.testng.TestRunner.run(TestRunner.java:587)
at org.testng.SuiteRunner.runTest(SuiteRunner.java:384)
at org.testng.SuiteRunner.runSequentially(SuiteRunner.java:378)
at org.testng.SuiteRunner.privateRun(SuiteRunner.java:337)
at org.testng.SuiteRunner.run(SuiteRunner.java:286)
at org.testng.SuiteRunnerWorker.runSuite(SuiteRunnerWorker.java:53)
at org.testng.SuiteRunnerWorker.run(SuiteRunnerWorker.java:96)
at org.testng.TestNG.runSuitesSequentially(TestNG.java:1187)
at org.testng.TestNG.runSuitesLocally(TestNG.java:1109)
at org.testng.TestNG.runSuites(TestNG.java:1039)
at org.testng.TestNG.run(TestNG.java:1007)
at org.testng.remote.AbstractRemoteTestNG.run(AbstractRemoteTestNG.java:115)
at org.testng.remote.RemoteTestNG.initAndRun(RemoteTestNG.java:251)
at org.testng.remote.RemoteTestNG.main(RemoteTestNG.java:77)
]]>
    </error>
  </testcase> <!-- ToVerifyExcelFileResults -->
  <system-out/>
</testsuite> <!-- hpe.SSDSelectorTool.SSDIKnowPageTest -->
