<?xml version="1.0" encoding="UTF-8"?>
<!-- Generated by org.testng.reporters.JUnitReportReporter -->
<testsuite hostname="DESKTOP-D27FDN2" failures="0" tests="15" name="hpe.SSDSelectorTool.SSDServerCompTest" time="61.746" errors="0" timestamp="2021-01-29T03:00:13 GMT-08:00" skipped="0">
  <testcase classname="hpe.SSDSelectorTool.SSDServerCompTest" name="LetStart" time="19.228"/>
  <system-out/>
  <testcase classname="hpe.SSDSelectorTool.SSDServerCompTest" name="ToVerifyWorkloadURL" time="0.016"/>
  <system-out/>
  <testcase classname="hpe.SSDSelectorTool.SSDServerCompTest" name="ToVerifyReadWorkloadLabel" time="0.035"/>
  <system-out/>
  <testcase classname="hpe.SSDSelectorTool.SSDServerCompTest" name="ToVerifyMixedWorkloadLabel" time="0.032"/>
  <system-out/>
  <testcase classname="hpe.SSDSelectorTool.SSDServerCompTest" name="ToVerifySelectReadAnDMixedWorkloads" time="0.127"/>
  <system-out/>
  <testcase classname="hpe.SSDSelectorTool.SSDServerCompTest" name="ToVerifySSDTypesAutoSelected" time="2.112"/>
  <system-out/>
  <testcase classname="hpe.SSDSelectorTool.SSDServerCompTest" name="ToVerifyServerTypeAndServerModel" time="5.577"/>
  <system-out/>
  <testcase classname="hpe.SSDSelectorTool.SSDServerCompTest" name="ToVerifyDriveCapacityChange" time="3.452"/>
  <system-out/>
  <testcase classname="hpe.SSDSelectorTool.SSDServerCompTest" name="ToVerifyNxtBtnDisabled" time="0.352"/>
  <system-out/>
  <testcase classname="hpe.SSDSelectorTool.SSDServerCompTest" name="ToVerifyCapacityMaxSlider" time="3.038"/>
  <system-out/>
  <testcase classname="hpe.SSDSelectorTool.SSDServerCompTest" name="ToVerifyInterfaceTypeAutoSelected" time="3.399"/>
  <system-out/>
  <testcase classname="hpe.SSDSelectorTool.SSDServerCompTest" name="ToVerifyFormFactorAutoSelected" time="2.373"/>
  <system-out/>
  <testcase classname="hpe.SSDSelectorTool.SSDServerCompTest" name="ToVerifySKUMainstream" time="15.463"/>
  <system-out/>
  <testcase classname="hpe.SSDSelectorTool.SSDServerCompTest" name="ToVerifySelectedConfigurationDisplayed" time="2.367"/>
  <system-out/>
  <testcase classname="hpe.SSDSelectorTool.SSDServerCompTest" name="ToVerifySSDResults" time="4.175"/>
  <system-out/>
</testsuite> <!-- hpe.SSDSelectorTool.SSDServerCompTest -->
