<?xml version="1.0" encoding="UTF-8"?>
<!-- Generated by org.testng.reporters.JUnitReportReporter -->
<testsuite hostname="DESKTOP-D27FDN2" failures="0" tests="9" name="hpe.SSDSelectorTool.SSDType" time="11.256" errors="0" timestamp="2021-02-01T04:32:59 GMT-08:00" skipped="0">
  <testcase classname="hpe.SSDSelectorTool.SSDType" name="ToVerifySSDTypePage" time="0.025"/>
  <system-out/>
  <testcase classname="hpe.SSDSelectorTool.SSDType" name="ToVerifyReadSSDSelected" time="0.058"/>
  <system-out/>
  <testcase classname="hpe.SSDSelectorTool.SSDType" name="ToVerifyMixedSSDSelected" time="0.005"/>
  <system-out/>
  <testcase classname="hpe.SSDSelectorTool.SSDType" name="ToVerifyWriteSSDSelected" time="0.005"/>
  <system-out/>
  <testcase classname="hpe.SSDSelectorTool.SSDType" name="ToVerifyVROSSDSelected" time="0.005"/>
  <system-out/>
  <testcase classname="hpe.SSDSelectorTool.SSDType" name="ToVerfiyNextBtn" time="0.055"/>
  <system-out/>
  <testcase classname="hpe.SSDSelectorTool.SSDType" name="ToVerifySelectAll" time="0.077"/>
  <system-out/>
  <testcase classname="hpe.SSDSelectorTool.SSDType" name="ToVerfiyBackBtn" time="5.070"/>
  <system-out/>
  <testcase classname="hpe.SSDSelectorTool.SSDType" name="ToVerfiySSDNextBtn" time="5.956"/>
  <system-out/>
</testsuite> <!-- hpe.SSDSelectorTool.SSDType -->
