<?xml version="1.0" encoding="UTF-8"?>
<!-- Generated by org.testng.reporters.JUnitReportReporter -->
<testsuite hostname="DESKTOP-D27FDN2" failures="0" tests="7" name="hpe.SSDSelectorTool.SSDInterfaceType" time="11.219" errors="0" timestamp="2021-02-01T04:32:59 GMT-08:00" skipped="0">
  <testcase classname="hpe.SSDSelectorTool.SSDInterfaceType" name="ToVerifyInterfaceTypePageURL" time="0.009"/>
  <system-out/>
  <testcase classname="hpe.SSDSelectorTool.SSDInterfaceType" name="ToVerifyInterfaceTypeNxtBtn" time="0.051"/>
  <system-out/>
  <testcase classname="hpe.SSDSelectorTool.SSDInterfaceType" name="ToVerifySASAutoSelected" time="0.348"/>
  <system-out/>
  <testcase classname="hpe.SSDSelectorTool.SSDInterfaceType" name="ToVerifySATAAutoSelected" time="0.039"/>
  <system-out/>
  <testcase classname="hpe.SSDSelectorTool.SSDInterfaceType" name="ToVerifyNVMeAutoSelected" time="0.046"/>
  <system-out/>
  <testcase classname="hpe.SSDSelectorTool.SSDInterfaceType" name="ToVerifySearchIcon" time="0.043"/>
  <system-out/>
  <testcase classname="hpe.SSDSelectorTool.SSDInterfaceType" name="ToVerifyNextBtn" time="10.683"/>
  <system-out/>
</testsuite> <!-- hpe.SSDSelectorTool.SSDInterfaceType -->
