<?xml version="1.0" encoding="UTF-8"?>
<!-- Generated by org.testng.reporters.JUnitReportReporter -->
<testsuite hostname="DESKTOP-D27FDN2" failures="0" tests="12" name="hpe.SSDSelectorTool.SSDFormFactorType" time="4.163" errors="0" timestamp="2021-02-01T04:32:59 GMT-08:00" skipped="0">
  <testcase classname="hpe.SSDSelectorTool.SSDFormFactorType" name="ToVerifyFormFactorPageURL" time="0.007"/>
  <system-out/>
  <testcase classname="hpe.SSDSelectorTool.SSDFormFactorType" name="ToVerifyFormFactorPageNxtBtn" time="0.050"/>
  <system-out/>
  <testcase classname="hpe.SSDSelectorTool.SSDFormFactorType" name="ToVerifyFFM2Image" time="0.077"/>
  <system-out/>
  <testcase classname="hpe.SSDSelectorTool.SSDFormFactorType" name="ToVerifyFFM2Selected" time="0.045"/>
  <system-out/>
  <testcase classname="hpe.SSDSelectorTool.SSDFormFactorType" name="ToVerifyFFLFFImage" time="0.068"/>
  <system-out/>
  <testcase classname="hpe.SSDSelectorTool.SSDFormFactorType" name="ToVerifyFFLFFSelected" time="0.043"/>
  <system-out/>
  <testcase classname="hpe.SSDSelectorTool.SSDFormFactorType" name="ToVerifyFFSFFImage" time="0.052"/>
  <system-out/>
  <testcase classname="hpe.SSDSelectorTool.SSDFormFactorType" name="ToVerifyFFSFFSelected" time="0.029"/>
  <system-out/>
  <testcase classname="hpe.SSDSelectorTool.SSDFormFactorType" name="ToVerifyFFM2EDisplayed" time="0.064"/>
  <system-out/>
  <testcase classname="hpe.SSDSelectorTool.SSDFormFactorType" name="ToVerifyFFM2ESelected" time="0.041"/>
  <system-out/>
  <testcase classname="hpe.SSDSelectorTool.SSDFormFactorType" name="ToVerifyFFSearchIcon" time="0.050"/>
  <system-out/>
  <testcase classname="hpe.SSDSelectorTool.SSDFormFactorType" name="ToVerifyFFNxtBtn" time="3.637"/>
  <system-out/>
</testsuite> <!-- hpe.SSDSelectorTool.SSDFormFactorType -->
