<?xml version="1.0" encoding="UTF-8"?>
<!-- Generated by org.testng.reporters.JUnitReportReporter -->
<testsuite hostname="DESKTOP-D27FDN2" failures="0" tests="9" name="hpe.SSDSelectorTool.SSDServerType" time="11.821" errors="0" timestamp="2021-02-01T04:32:59 GMT-08:00" skipped="0">
  <testcase classname="hpe.SSDSelectorTool.SSDServerType" name="ToVerifyServerTypeURL" time="0.013"/>
  <system-out/>
  <testcase classname="hpe.SSDSelectorTool.SSDServerType" name="ToVerifyServerModelNxtBtn" time="0.204"/>
  <system-out/>
  <testcase classname="hpe.SSDSelectorTool.SSDServerType" name="ToVerifyServerTypeDropDown" time="1.173"/>
  <system-out/>
  <testcase classname="hpe.SSDSelectorTool.SSDServerType" name="ToVerfiyServerModelDropDown" time="0.555"/>
  <system-out/>
  <testcase classname="hpe.SSDSelectorTool.SSDServerType" name="ToVerifyWorkledSelected" time="0.407"/>
  <system-out/>
  <testcase classname="hpe.SSDSelectorTool.SSDServerType" name="ToVerifyTargetTable" time="0.051"/>
  <system-out/>
  <testcase classname="hpe.SSDSelectorTool.SSDServerType" name="ToVerifyBackButton" time="6.024"/>
  <system-out/>
  <testcase classname="hpe.SSDSelectorTool.SSDServerType" name="ToVerifySelectAll" time="0.039"/>
  <system-out/>
  <testcase classname="hpe.SSDSelectorTool.SSDServerType" name="ToVerifyServerNextBtn" time="3.355"/>
  <system-out/>
</testsuite> <!-- hpe.SSDSelectorTool.SSDServerType -->
