<?xml version="1.0" encoding="UTF-8"?>
<!-- Generated by org.testng.reporters.JUnitReportReporter -->
<testsuite hostname="DESKTOP-D27FDN2" failures="0" tests="7" name="hpe.SSDSelectorTool.SSDWorkLoad" time="36.454" errors="0" timestamp="2021-02-01T04:32:59 GMT-08:00" skipped="0">
  <testcase classname="hpe.SSDSelectorTool.SSDWorkLoad" name="LetStart" time="32.459"/>
  <system-out/>
  <testcase classname="hpe.SSDSelectorTool.SSDWorkLoad" name="ToVerifyReadIntensiveNotSelected" time="0.063"/>
  <system-out/>
  <testcase classname="hpe.SSDSelectorTool.SSDWorkLoad" name="ToVerifyNextButton" time="0.048"/>
  <system-out/>
  <testcase classname="hpe.SSDSelectorTool.SSDWorkLoad" name="ToVerifyAllReadIntensiveSelected" time="0.277"/>
  <system-out/>
  <testcase classname="hpe.SSDSelectorTool.SSDWorkLoad" name="ToVerifyNextButtonEnabled" time="0.040"/>
  <system-out/>
  <testcase classname="hpe.SSDSelectorTool.SSDWorkLoad" name="ToVerifyLearnAboutWorkload" time="1.115"/>
  <system-out/>
  <testcase classname="hpe.SSDSelectorTool.SSDWorkLoad" name="NextBtn" time="2.452"/>
  <system-out/>
</testsuite> <!-- hpe.SSDSelectorTool.SSDWorkLoad -->
