<?xml version="1.0" encoding="UTF-8"?>
<!-- Generated by org.testng.reporters.JUnitReportReporter -->
<testsuite hostname="DESKTOP-D27FDN2" failures="0" tests="15" name="hpe.SSDSelectorTool.SSDServerCompTest" time="45.450" errors="0" timestamp="2021-02-09T03:38:04 GMT-08:00" skipped="0">
  <testcase classname="hpe.SSDSelectorTool.SSDServerCompTest" name="LetStart" time="14.248"/>
  <system-out/>
  <testcase classname="hpe.SSDSelectorTool.SSDServerCompTest" name="ToVerifyWorkloadURL" time="0.010"/>
  <system-out/>
  <testcase classname="hpe.SSDSelectorTool.SSDServerCompTest" name="ToVerifyReadWorkloadLabel" time="0.029"/>
  <system-out/>
  <testcase classname="hpe.SSDSelectorTool.SSDServerCompTest" name="ToVerifyMixedWorkloadLabel" time="0.030"/>
  <system-out/>
  <testcase classname="hpe.SSDSelectorTool.SSDServerCompTest" name="ToVerifySelectReadAnDMixedWorkloads" time="0.132"/>
  <system-out/>
  <testcase classname="hpe.SSDSelectorTool.SSDServerCompTest" name="ToVerifySSDTypesAutoSelected" time="2.973"/>
  <system-out/>
  <testcase classname="hpe.SSDSelectorTool.SSDServerCompTest" name="ToVerifyServerTypeAndServerModel" time="6.227"/>
  <system-out/>
  <testcase classname="hpe.SSDSelectorTool.SSDServerCompTest" name="ToVerifyDriveCapacityChange" time="3.420"/>
  <system-out/>
  <testcase classname="hpe.SSDSelectorTool.SSDServerCompTest" name="ToVerifyNxtBtnDisabled" time="0.384"/>
  <system-out/>
  <testcase classname="hpe.SSDSelectorTool.SSDServerCompTest" name="ToVerifyCapacityMaxSlider" time="2.028"/>
  <system-out/>
  <testcase classname="hpe.SSDSelectorTool.SSDServerCompTest" name="ToVerifyInterfaceTypeAutoSelected" time="3.377"/>
  <system-out/>
  <testcase classname="hpe.SSDSelectorTool.SSDServerCompTest" name="ToVerifyFormFactorAutoSelected" time="2.510"/>
  <system-out/>
  <testcase classname="hpe.SSDSelectorTool.SSDServerCompTest" name="ToVerifySKUMainstream" time="3.468"/>
  <system-out/>
  <testcase classname="hpe.SSDSelectorTool.SSDServerCompTest" name="ToVerifySelectedConfigurationDisplayed" time="2.416"/>
  <system-out/>
  <testcase classname="hpe.SSDSelectorTool.SSDServerCompTest" name="ToVerifySSDResults" time="4.198"/>
  <system-out/>
</testsuite> <!-- hpe.SSDSelectorTool.SSDServerCompTest -->
