<?xml version="1.0" encoding="UTF-8"?>
<!-- Generated by org.testng.reporters.JUnitReportReporter -->
<testsuite hostname="DESKTOP-D27FDN2" failures="0" tests="17" name="hpe.SSDSelectorTool.SSDCompleteTest" time="85.352" errors="0" timestamp="2021-02-09T03:38:04 GMT-08:00" skipped="0">
  <testcase classname="hpe.SSDSelectorTool.SSDCompleteTest" name="LetStart" time="13.314"/>
  <system-out/>
  <testcase classname="hpe.SSDSelectorTool.SSDCompleteTest" name="ToVerifyWorkloadURL" time="0.017"/>
  <system-out/>
  <testcase classname="hpe.SSDSelectorTool.SSDCompleteTest" name="ToVerifyNextBtn" time="0.029"/>
  <system-out/>
  <testcase classname="hpe.SSDSelectorTool.SSDCompleteTest" name="ToVerifySelectALLWorkload" time="1.809"/>
  <system-out/>
  <testcase classname="hpe.SSDSelectorTool.SSDCompleteTest" name="ToVerifySSDTypeURL" time="0.008"/>
  <system-out/>
  <testcase classname="hpe.SSDSelectorTool.SSDCompleteTest" name="ToVerifySSDTypeSelected" time="1.756"/>
  <system-out/>
  <testcase classname="hpe.SSDSelectorTool.SSDCompleteTest" name="ToVerifyServerTypeURL" time="0.012"/>
  <system-out/>
  <testcase classname="hpe.SSDSelectorTool.SSDCompleteTest" name="ToVerifyServerTypeList" time="1.499"/>
  <system-out/>
  <testcase classname="hpe.SSDSelectorTool.SSDCompleteTest" name="ToVerifySeverModelList" time="9.541"/>
  <system-out/>
  <testcase classname="hpe.SSDSelectorTool.SSDCompleteTest" name="ToVerifySelectServerTypeAndServerModel" time="3.957"/>
  <system-out/>
  <testcase classname="hpe.SSDSelectorTool.SSDCompleteTest" name="ToVerfiyCapacityURL" time="1.555"/>
  <system-out/>
  <testcase classname="hpe.SSDSelectorTool.SSDCompleteTest" name="ToVerifyEditSelectedInterfaceOptions" time="23.043"/>
  <system-out/>
  <testcase classname="hpe.SSDSelectorTool.SSDCompleteTest" name="ToVerifyEditSelectedFormFactorOptions" time="22.822"/>
  <system-out/>
  <testcase classname="hpe.SSDSelectorTool.SSDCompleteTest" name="ToVerifyEditMainstreamOptions" time="0.151"/>
  <system-out/>
  <testcase classname="hpe.SSDSelectorTool.SSDCompleteTest" name="ToVerifyMainstreamSelectAll" time="4.691"/>
  <system-out/>
  <testcase classname="hpe.SSDSelectorTool.SSDCompleteTest" name="ToVerifySSDResultPage" time="1.088"/>
  <system-out/>
  <testcase classname="hpe.SSDSelectorTool.SSDCompleteTest" name="ToVerifySSDMainstreamResults" time="0.060"/>
  <system-out/>
</testsuite> <!-- hpe.SSDSelectorTool.SSDCompleteTest -->
